<?xml version="1.0" encoding="UTF-8"?>
<testsuite name="org.custom.date.reader.test.DateObjectReaderTest" time="0.093" tests="7" errors="0" skipped="0" failures="0">
  <properties>
[...]
</properties>
  <testcase name="testFormatDate" classname="org.custom.date.reader.test.DateObjectReaderLinkTest" time="0.064"/>
  <testcase name="testSuccessfulSearchConfig" classname="org.custom.date.reader.test.DateObjectReaderLinkTest" time="0.004"/>
  <testcase name="testMissingParams" classname="org.custom.date.reader.test.DateObjectReaderLinkTest" time="0.003"/>
  <testcase name="testInvalidTimeZone" classname="org.custom.date.reader.test.DateObjectReaderLinkTest" time="0.005"/>
  <testcase name="testInvalidDateFormat" classname="org.custom.date.reader.test.DateObjectReaderLinkTest" time="0.007"/>
  <testcase name="testDateFormat" classname="org.custom.date.reader.test.DateObjectReaderTest" time="0.006"/>
  <testcase name="testInvalidDateFormat" classname="org.custom.date.reader.test.DateObjectReaderTest" time="0.004"/>
</testsuite>